2025-11-26T15:31:12.564Z: Fetching YouTube video for topic: Introduction to Spring Boot
2025-11-26T15:31:12.589Z: Using API Key: Key exists (AIzaS...)
2025-11-26T15:31:13.455Z: Success! Found 4 videos for topic: Introduction to Spring Boot
2025-11-26T15:31:15.303Z: Fetching YouTube video for topic: Spring Boot Configuration and Properties
2025-11-26T15:31:15.303Z: Using API Key: Key exists (AIzaS...)
2025-11-26T15:31:16.053Z: Success! Found 4 videos for topic: Spring Boot Configuration and Properties
2025-11-26T15:31:21.972Z: Fetching YouTube video for topic: Spring Boot Security
2025-11-26T15:31:21.973Z: Using API Key: Key exists (AIzaS...)
2025-11-26T15:31:22.452Z: Success! Found 4 videos for topic: Spring Boot Security
2025-11-26T15:31:22.890Z: Fetching YouTube video for topic: Data Persistence with Spring Data JPA
2025-11-26T15:31:22.891Z: Using API Key: Key exists (AIzaS...)
2025-11-26T15:31:23.415Z: Success! Found 4 videos for topic: Data Persistence with Spring Data JPA
2025-11-26T15:32:09.614Z: Fetching YouTube video for topic: Spring Boot Configuration and Properties
2025-11-26T15:32:09.615Z: Using API Key: Key exists (AIzaS...)
2025-11-26T15:32:09.682Z: Fetching YouTube video for topic: Introduction to Spring Boot
2025-11-26T15:32:09.687Z: Using API Key: Key exists (AIzaS...)
2025-11-26T15:32:10.428Z: Success! Found 4 videos for topic: Spring Boot Configuration and Properties
2025-11-26T15:32:10.601Z: Success! Found 4 videos for topic: Introduction to Spring Boot
2025-11-26T15:32:26.638Z: Fetching YouTube video for topic: Spring Boot Security
2025-11-26T15:32:26.639Z: Using API Key: Key exists (AIzaS...)
2025-11-26T15:32:28.872Z: Success! Found 4 videos for topic: Spring Boot Security
2025-11-26T15:32:37.622Z: Fetching YouTube video for topic: Data Persistence with Spring Data JPA
2025-11-26T15:32:37.623Z: Using API Key: Key exists (AIzaS...)
2025-11-26T15:32:38.627Z: Fetching YouTube video for topic: Introduction to Spring Boot
2025-11-26T15:32:38.627Z: Using API Key: Key exists (AIzaS...)
2025-11-26T15:32:39.488Z: Success! Found 4 videos for topic: Data Persistence with Spring Data JPA
2025-11-26T15:32:39.892Z: Success! Found 4 videos for topic: Introduction to Spring Boot
2025-11-26T15:32:45.726Z: Fetching YouTube video for topic: Spring Boot Configuration and Properties
2025-11-26T15:32:45.727Z: Using API Key: Key exists (AIzaS...)
2025-11-26T15:32:46.404Z: Success! Found 4 videos for topic: Spring Boot Configuration and Properties
2025-11-26T15:32:47.176Z: Fetching YouTube video for topic: Spring Boot Security
2025-11-26T15:32:47.176Z: Using API Key: Key exists (AIzaS...)
2025-11-26T15:32:47.635Z: Success! Found 4 videos for topic: Spring Boot Security
2025-11-26T15:32:51.623Z: Fetching YouTube video for topic: Building RESTful APIs with Spring Boot
2025-11-26T15:32:51.624Z: Using API Key: Key exists (AIzaS...)
2025-11-26T15:32:52.587Z: Success! Found 4 videos for topic: Building RESTful APIs with Spring Boot
2025-11-26T15:32:55.847Z: Fetching YouTube video for topic: Data Persistence with Spring Data JPA
2025-11-26T15:32:55.848Z: Using API Key: Key exists (AIzaS...)
2025-11-26T15:32:57.319Z: Success! Found 25 videos for topic: Data Persistence with Spring Data JPA
